<?xml version="1.0" encoding="UTF-8"?>
<!-- Generated by org.testng.reporters.JUnitReportReporter -->
<testsuite skipped="0" hostname="sys" name="com.test.TestNgBasics" tests="3" failures="0" timestamp="10 Mar 2018 18:55:56 GMT" time="0.013" errors="0">
  <testcase name="googleTitleTest" time="0.003" classname="com.test.TestNgBasics"/>
  <testcase name="serachTest" time="0.003" classname="com.test.TestNgBasics"/>
  <testcase name="googleLogoTest" time="0.007" classname="com.test.TestNgBasics"/>
</testsuite> <!-- com.test.TestNgBasics -->
